c:\users\19046\desktop\新建文件夹\project43\project43\x64\release\vc143.pdb
c:\users\19046\desktop\新建文件夹\project43\project43\x64\release\非必要不要看资源文件.obj
c:\users\19046\desktop\新建文件夹\project43\project43\x64\release\tlist.obj
c:\users\19046\desktop\新建文件夹\project43\project43\x64\release\mian.obj
c:\users\19046\desktop\新建文件夹\project43\project43\x64\release\list.obj
c:\users\19046\desktop\新建文件夹\project43\project43\x64\release\globuletest.obj
c:\users\19046\desktop\新建文件夹\project43\project43\x64\release\globulemotionlogic.obj
c:\users\19046\desktop\新建文件夹\project43\project43\x64\release\globule.obj
c:\users\19046\desktop\新建文件夹\project43\project43\x64\release\pelletformation.obj
c:\users\19046\desktop\新建文件夹\project43\x64\release\project43.exe
c:\users\19046\desktop\新建文件夹\project43\project43\x64\release\project43.ipdb
c:\users\19046\desktop\新建文件夹\project43\x64\release\project43.pdb
c:\users\19046\desktop\新建文件夹\project43\project43\x64\release\project43.iobj
c:\users\19046\desktop\新建文件夹\project43\project43\x64\release\project43.tlog\cl.command.1.tlog
c:\users\19046\desktop\新建文件夹\project43\project43\x64\release\project43.tlog\cl.items.tlog
c:\users\19046\desktop\新建文件夹\project43\project43\x64\release\project43.tlog\cl.read.1.tlog
c:\users\19046\desktop\新建文件夹\project43\project43\x64\release\project43.tlog\cl.write.1.tlog
c:\users\19046\desktop\新建文件夹\project43\project43\x64\release\project43.tlog\link.command.1.tlog
c:\users\19046\desktop\新建文件夹\project43\project43\x64\release\project43.tlog\link.read.1.tlog
c:\users\19046\desktop\新建文件夹\project43\project43\x64\release\project43.tlog\link.write.1.tlog
