c:\users\19046\desktop\project43\project43\x64\debug\vc143.pdb
c:\users\19046\desktop\project43\project43\x64\debug\vc143.idb
c:\users\19046\desktop\project43\project43\x64\debug\非必要不要看资源文件.obj
c:\users\19046\desktop\project43\project43\x64\debug\tlist.obj
c:\users\19046\desktop\project43\project43\x64\debug\mian.obj
c:\users\19046\desktop\project43\project43\x64\debug\list.obj
c:\users\19046\desktop\project43\project43\x64\debug\globuletest.obj
c:\users\19046\desktop\project43\project43\x64\debug\globulemotionlogic.obj
c:\users\19046\desktop\project43\project43\x64\debug\globule.obj
c:\users\19046\desktop\project43\project43\x64\debug\pelletformation.obj
c:\users\19046\desktop\project43\x64\debug\project43.exe
c:\users\19046\desktop\project43\project43\x64\debug\project43.ilk
c:\users\19046\desktop\project43\x64\debug\project43.pdb
c:\users\19046\desktop\project43\project43\x64\debug\project43.tlog\cl.command.1.tlog
c:\users\19046\desktop\project43\project43\x64\debug\project43.tlog\cl.items.tlog
c:\users\19046\desktop\project43\project43\x64\debug\project43.tlog\cl.read.1.tlog
c:\users\19046\desktop\project43\project43\x64\debug\project43.tlog\cl.write.1.tlog
c:\users\19046\desktop\project43\project43\x64\debug\project43.tlog\link.command.1.tlog
c:\users\19046\desktop\project43\project43\x64\debug\project43.tlog\link.read.1.tlog
c:\users\19046\desktop\project43\project43\x64\debug\project43.tlog\link.write.1.tlog
